<?xml version="1.0" encoding="UTF-8"?>
<!-- Generated by org.testng.reporters.JUnitReportReporter -->
<testsuite hostname="DESKTOP-1116U1V" failures="0" tests="4" name="TestNGEjercicio2" time="0.549" errors="0" timestamp="06 oct. 2021 00:05:47 GMT" skipped="0">
  <testcase classname="TestNGEjercicio2" name="testClick1_3" time="0.090"/>
  <testcase classname="TestNGEjercicio2" name="testClick1_2" time="0.177"/>
  <testcase classname="TestNGEjercicio2" name="testVerify" time="0.093"/>
  <testcase classname="TestNGEjercicio2" name="testClick1_1" time="0.189"/>
</testsuite> <!-- TestNGEjercicio2 -->
